# JRE version: Java(TM) SE Runtime Environment (15.0.1+9) (build 15.0.1+9-18)
# Java VM: Java HotSpot(TM) 64-Bit Server VM (15.0.1+9-18, mixed mode, sharing, tiered, compressed oops, g1 gc, bsd-amd64)
GC Precious Log:
 CPUs: 8 total, 8 available
 Memory: 16384M
 Large Page Support: Disabled
 NUMA Support: Disabled
 Compressed Oops: Enabled (Zero based)
 Heap Region Size: 2M
 Heap Min Capacity: 8M
 Heap Initial Capacity: 256M
 Heap Max Capacity: 4G
 Pre-touch: Disabled
 Parallel Workers: 8
 Concurrent Workers: 2
 Concurrent Refinement Workers: 8
 Periodic GC: Disabled
Heap:
 garbage-first heap   total 139264K, used 42412K [0x0000000700000000, 0x0000000800000000)
  region size 2048K, 6 young (12288K), 4 survivors (8192K)
 Metaspace       used 37335K, capacity 38094K, committed 38400K, reserved 1083392K
  class space    used 3961K, capacity 4230K, committed 4352K, reserved 1048576K
GC Heap History (20 events):
Event: 290.557 GC heap before
{Heap before GC invocations=199 (full 0):
 garbage-first heap   total 139264K, used 113655K [0x0000000700000000, 0x0000000800000000)
  region size 2048K, 40 young (81920K), 1 survivors (2048K)
 Metaspace       used 36822K, capacity 37515K, committed 37760K, reserved 1083392K
  class space    used 3940K, capacity 4215K, committed 4224K, reserved 1048576K
}
Event: 290.558 GC heap after
{Heap after GC invocations=200 (full 0):
 garbage-first heap   total 139264K, used 33790K [0x0000000700000000, 0x0000000800000000)
  region size 2048K, 1 young (2048K), 1 survivors (2048K)
 Metaspace       used 36822K, capacity 37515K, committed 37760K, reserved 1083392K
  class space    used 3940K, capacity 4215K, committed 4224K, reserved 1048576K
}
Event: 292.296 GC heap before
{Heap before GC invocations=200 (full 0):
 garbage-first heap   total 139264K, used 113662K [0x0000000700000000, 0x0000000800000000)
  region size 2048K, 40 young (81920K), 1 survivors (2048K)
 Metaspace       used 36894K, capacity 37574K, committed 37888K, reserved 1083392K
  class space    used 3955K, capacity 4230K, committed 4352K, reserved 1048576K
}
Event: 292.297 GC heap after
{Heap after GC invocations=201 (full 0):
 garbage-first heap   total 139264K, used 33961K [0x0000000700000000, 0x0000000800000000)
  region size 2048K, 1 young (2048K), 1 survivors (2048K)
 Metaspace       used 36894K, capacity 37574K, committed 37888K, reserved 1083392K
  class space    used 3955K, capacity 4230K, committed 4352K, reserved 1048576K
}
Event: 294.163 GC heap before
{Heap before GC invocations=201 (full 0):
 garbage-first heap   total 139264K, used 113833K [0x0000000700000000, 0x0000000800000000)
  region size 2048K, 40 young (81920K), 1 survivors (2048K)
 Metaspace       used 36919K, capacity 37638K, committed 37888K, reserved 1083392K
  class space    used 3955K, capacity 4230K, committed 4352K, reserved 1048576K
}
Event: 294.164 GC heap after
{Heap after GC invocations=202 (full 0):
 garbage-first heap   total 139264K, used 34193K [0x0000000700000000, 0x0000000800000000)
  region size 2048K, 1 young (2048K), 1 survivors (2048K)
 Metaspace       used 36919K, capacity 37638K, committed 37888K, reserved 1083392K
  class space    used 3955K, capacity 4230K, committed 4352K, reserved 1048576K
}
Event: 296.101 GC heap before
{Heap before GC invocations=202 (full 0):
 garbage-first heap   total 139264K, used 114065K [0x0000000700000000, 0x0000000800000000)
  region size 2048K, 40 young (81920K), 1 survivors (2048K)
 Metaspace       used 36997K, capacity 37702K, committed 37888K, reserved 1083392K
  class space    used 3961K, capacity 4230K, committed 4352K, reserved 1048576K
}
Event: 296.103 GC heap after
{Heap after GC invocations=203 (full 0):
 garbage-first heap   total 139264K, used 34247K [0x0000000700000000, 0x0000000800000000)
  region size 2048K, 1 young (2048K), 1 survivors (2048K)
 Metaspace       used 36997K, capacity 37702K, committed 37888K, reserved 1083392K
  class space    used 3961K, capacity 4230K, committed 4352K, reserved 1048576K
}
Event: 298.037 GC heap before
{Heap before GC invocations=203 (full 0):
 garbage-first heap   total 139264K, used 114119K [0x0000000700000000, 0x0000000800000000)
  region size 2048K, 40 young (81920K), 1 survivors (2048K)
 Metaspace       used 37012K, capacity 37702K, committed 37888K, reserved 1083392K
  class space    used 3961K, capacity 4230K, committed 4352K, reserved 1048576K
}
Event: 298.039 GC heap after
{Heap after GC invocations=204 (full 0):
 garbage-first heap   total 139264K, used 34233K [0x0000000700000000, 0x0000000800000000)
  region size 2048K, 1 young (2048K), 1 survivors (2048K)
 Metaspace       used 37012K, capacity 37702K, committed 37888K, reserved 1083392K
  class space    used 3961K, capacity 4230K, committed 4352K, reserved 1048576K
}
Event: 299.575 GC heap before
{Heap before GC invocations=204 (full 0):
 garbage-first heap   total 139264K, used 112057K [0x0000000700000000, 0x0000000800000000)
  region size 2048K, 40 young (81920K), 1 survivors (2048K)
 Metaspace       used 37235K, capacity 37958K, committed 38144K, reserved 1083392K
  class space    used 3961K, capacity 4230K, committed 4352K, reserved 1048576K
}
Event: 299.578 GC heap after
{Heap after GC invocations=205 (full 0):
 garbage-first heap   total 139264K, used 35728K [0x0000000700000000, 0x0000000800000000)
  region size 2048K, 2 young (4096K), 2 survivors (4096K)
 Metaspace       used 37235K, capacity 37958K, committed 38144K, reserved 1083392K
  class space    used 3961K, capacity 4230K, committed 4352K, reserved 1048576K
}
Event: 302.206 GC heap before
{Heap before GC invocations=205 (full 0):
 garbage-first heap   total 139264K, used 113552K [0x0000000700000000, 0x0000000800000000)
  region size 2048K, 40 young (81920K), 2 survivors (4096K)
 Metaspace       used 37258K, capacity 37958K, committed 38144K, reserved 1083392K
  class space    used 3961K, capacity 4230K, committed 4352K, reserved 1048576K
}
Event: 302.208 GC heap after
{Heap after GC invocations=206 (full 0):
 garbage-first heap   total 139264K, used 34719K [0x0000000700000000, 0x0000000800000000)
  region size 2048K, 1 young (2048K), 1 survivors (2048K)
 Metaspace       used 37258K, capacity 37958K, committed 38144K, reserved 1083392K
  class space    used 3961K, capacity 4230K, committed 4352K, reserved 1048576K
}
Event: 304.742 GC heap before
{Heap before GC invocations=206 (full 0):
 garbage-first heap   total 139264K, used 114591K [0x0000000700000000, 0x0000000800000000)
  region size 2048K, 40 young (81920K), 1 survivors (2048K)
 Metaspace       used 37272K, capacity 37966K, committed 38144K, reserved 1083392K
  class space    used 3961K, capacity 4230K, committed 4352K, reserved 1048576K
}
Event: 304.744 GC heap after
{Heap after GC invocations=207 (full 0):
 garbage-first heap   total 139264K, used 34669K [0x0000000700000000, 0x0000000800000000)
  region size 2048K, 1 young (2048K), 1 survivors (2048K)
 Metaspace       used 37272K, capacity 37966K, committed 38144K, reserved 1083392K
  class space    used 3961K, capacity 4230K, committed 4352K, reserved 1048576K
}
Event: 306.644 GC heap before
{Heap before GC invocations=207 (full 0):
 garbage-first heap   total 139264K, used 114541K [0x0000000700000000, 0x0000000800000000)
  region size 2048K, 40 young (81920K), 1 survivors (2048K)
 Metaspace       used 37272K, capacity 37966K, committed 38144K, reserved 1083392K
  class space    used 3961K, capacity 4230K, committed 4352K, reserved 1048576K
}
Event: 306.645 GC heap after
{Heap after GC invocations=208 (full 0):
 garbage-first heap   total 139264K, used 34632K [0x0000000700000000, 0x0000000800000000)
  region size 2048K, 1 young (2048K), 1 survivors (2048K)
 Metaspace       used 37272K, capacity 37966K, committed 38144K, reserved 1083392K
  class space    used 3961K, capacity 4230K, committed 4352K, reserved 1048576K
}
Event: 307.112 GC heap before
{Heap before GC invocations=208 (full 0):
 garbage-first heap   total 139264K, used 112456K [0x0000000700000000, 0x0000000800000000)
  region size 2048K, 40 young (81920K), 1 survivors (2048K)
 Metaspace       used 37335K, capacity 38094K, committed 38400K, reserved 1083392K
  class space    used 3961K, capacity 4230K, committed 4352K, reserved 1048576K
}
Event: 307.115 GC heap after
{Heap after GC invocations=209 (full 0):
 garbage-first heap   total 139264K, used 40364K [0x0000000700000000, 0x0000000800000000)
  region size 2048K, 4 young (8192K), 4 survivors (8192K)
 Metaspace       used 37335K, capacity 38094K, committed 38400K, reserved 1083392K
  class space    used 3961K, capacity 4230K, committed 4352K, reserved 1048576K
}

