# JRE version: Java(TM) SE Runtime Environment (15.0.1+9) (build 15.0.1+9-18)
# Java VM: Java HotSpot(TM) 64-Bit Server VM (15.0.1+9-18, mixed mode, sharing, tiered, compressed oops, g1 gc, bsd-amd64)
GC Precious Log:
 CPUs: 8 total, 8 available
 Memory: 16384M
 Large Page Support: Disabled
 NUMA Support: Disabled
 Compressed Oops: Enabled (Zero based)
 Heap Region Size: 2M
 Heap Min Capacity: 8M
 Heap Initial Capacity: 256M
 Heap Max Capacity: 4G
 Pre-touch: Disabled
 Parallel Workers: 8
 Concurrent Workers: 2
 Concurrent Refinement Workers: 8
 Periodic GC: Disabled
Heap:
 garbage-first heap   total 110592K, used 54441K [0x0000000700000000, 0x0000000800000000)
  region size 2048K, 5 young (10240K), 1 survivors (2048K)
 Metaspace       used 37919K, capacity 38626K, committed 38912K, reserved 1083392K
  class space    used 3952K, capacity 4253K, committed 4352K, reserved 1048576K
GC Heap History (20 events):
Event: 222.805 GC heap before
{Heap before GC invocations=154 (full 0):
 garbage-first heap   total 110592K, used 92250K [0x0000000700000000, 0x0000000800000000)
  region size 2048K, 24 young (49152K), 1 survivors (2048K)
 Metaspace       used 37777K, capacity 38555K, committed 38912K, reserved 1083392K
  class space    used 3951K, capacity 4252K, committed 4352K, reserved 1048576K
}
Event: 222.806 GC heap after
{Heap after GC invocations=155 (full 0):
 garbage-first heap   total 110592K, used 45149K [0x0000000700000000, 0x0000000800000000)
  region size 2048K, 1 young (2048K), 1 survivors (2048K)
 Metaspace       used 37777K, capacity 38555K, committed 38912K, reserved 1083392K
  class space    used 3951K, capacity 4252K, committed 4352K, reserved 1048576K
}
Event: 223.737 GC heap before
{Heap before GC invocations=155 (full 0):
 garbage-first heap   total 110592K, used 92253K [0x0000000700000000, 0x0000000800000000)
  region size 2048K, 24 young (49152K), 1 survivors (2048K)
 Metaspace       used 37784K, capacity 38555K, committed 38912K, reserved 1083392K
  class space    used 3951K, capacity 4252K, committed 4352K, reserved 1048576K
}
Event: 223.739 GC heap after
{Heap after GC invocations=156 (full 0):
 garbage-first heap   total 110592K, used 45151K [0x0000000700000000, 0x0000000800000000)
  region size 2048K, 1 young (2048K), 1 survivors (2048K)
 Metaspace       used 37784K, capacity 38555K, committed 38912K, reserved 1083392K
  class space    used 3951K, capacity 4252K, committed 4352K, reserved 1048576K
}
Event: 224.638 GC heap before
{Heap before GC invocations=156 (full 0):
 garbage-first heap   total 110592K, used 92255K [0x0000000700000000, 0x0000000800000000)
  region size 2048K, 24 young (49152K), 1 survivors (2048K)
 Metaspace       used 37790K, capacity 38555K, committed 38912K, reserved 1083392K
  class space    used 3951K, capacity 4252K, committed 4352K, reserved 1048576K
}
Event: 224.640 GC heap after
{Heap after GC invocations=157 (full 0):
 garbage-first heap   total 110592K, used 45165K [0x0000000700000000, 0x0000000800000000)
  region size 2048K, 1 young (2048K), 1 survivors (2048K)
 Metaspace       used 37790K, capacity 38555K, committed 38912K, reserved 1083392K
  class space    used 3951K, capacity 4252K, committed 4352K, reserved 1048576K
}
Event: 225.556 GC heap before
{Heap before GC invocations=157 (full 0):
 garbage-first heap   total 110592K, used 92269K [0x0000000700000000, 0x0000000800000000)
  region size 2048K, 24 young (49152K), 1 survivors (2048K)
 Metaspace       used 37797K, capacity 38555K, committed 38912K, reserved 1083392K
  class space    used 3951K, capacity 4252K, committed 4352K, reserved 1048576K
}
Event: 225.557 GC heap after
{Heap after GC invocations=158 (full 0):
 garbage-first heap   total 110592K, used 45165K [0x0000000700000000, 0x0000000800000000)
  region size 2048K, 1 young (2048K), 1 survivors (2048K)
 Metaspace       used 37797K, capacity 38555K, committed 38912K, reserved 1083392K
  class space    used 3951K, capacity 4252K, committed 4352K, reserved 1048576K
}
Event: 226.474 GC heap before
{Heap before GC invocations=158 (full 0):
 garbage-first heap   total 110592K, used 92269K [0x0000000700000000, 0x0000000800000000)
  region size 2048K, 24 young (49152K), 1 survivors (2048K)
 Metaspace       used 37797K, capacity 38555K, committed 38912K, reserved 1083392K
  class space    used 3951K, capacity 4252K, committed 4352K, reserved 1048576K
}
Event: 226.475 GC heap after
{Heap after GC invocations=159 (full 0):
 garbage-first heap   total 110592K, used 45169K [0x0000000700000000, 0x0000000800000000)
  region size 2048K, 1 young (2048K), 1 survivors (2048K)
 Metaspace       used 37797K, capacity 38555K, committed 38912K, reserved 1083392K
  class space    used 3951K, capacity 4252K, committed 4352K, reserved 1048576K
}
Event: 227.309 GC heap before
{Heap before GC invocations=159 (full 0):
 garbage-first heap   total 110592K, used 92273K [0x0000000700000000, 0x0000000800000000)
  region size 2048K, 24 young (49152K), 1 survivors (2048K)
 Metaspace       used 37880K, capacity 38626K, committed 38912K, reserved 1083392K
  class space    used 3952K, capacity 4253K, committed 4352K, reserved 1048576K
}
Event: 227.311 GC heap after
{Heap after GC invocations=160 (full 0):
 garbage-first heap   total 110592K, used 45554K [0x0000000700000000, 0x0000000800000000)
  region size 2048K, 1 young (2048K), 1 survivors (2048K)
 Metaspace       used 37880K, capacity 38626K, committed 38912K, reserved 1083392K
  class space    used 3952K, capacity 4253K, committed 4352K, reserved 1048576K
}
Event: 228.386 GC heap before
{Heap before GC invocations=160 (full 0):
 garbage-first heap   total 110592K, used 90610K [0x0000000700000000, 0x0000000800000000)
  region size 2048K, 24 young (49152K), 1 survivors (2048K)
 Metaspace       used 37880K, capacity 38626K, committed 38912K, reserved 1083392K
  class space    used 3952K, capacity 4253K, committed 4352K, reserved 1048576K
}
Event: 228.387 GC heap after
{Heap after GC invocations=161 (full 0):
 garbage-first heap   total 110592K, used 45567K [0x0000000700000000, 0x0000000800000000)
  region size 2048K, 1 young (2048K), 1 survivors (2048K)
 Metaspace       used 37880K, capacity 38626K, committed 38912K, reserved 1083392K
  class space    used 3952K, capacity 4253K, committed 4352K, reserved 1048576K
}
Event: 228.439 GC heap before
{Heap before GC invocations=161 (full 0):
 garbage-first heap   total 110592K, used 90623K [0x0000000700000000, 0x0000000800000000)
  region size 2048K, 24 young (49152K), 1 survivors (2048K)
 Metaspace       used 37902K, capacity 38626K, committed 38912K, reserved 1083392K
  class space    used 3952K, capacity 4253K, committed 4352K, reserved 1048576K
}
Event: 228.442 GC heap after
{Heap after GC invocations=162 (full 0):
 garbage-first heap   total 110592K, used 49900K [0x0000000700000000, 0x0000000800000000)
  region size 2048K, 3 young (6144K), 3 survivors (6144K)
 Metaspace       used 37902K, capacity 38626K, committed 38912K, reserved 1083392K
  class space    used 3952K, capacity 4253K, committed 4352K, reserved 1048576K
}
Event: 228.710 GC heap before
{Heap before GC invocations=162 (full 0):
 garbage-first heap   total 110592K, used 88812K [0x0000000700000000, 0x0000000800000000)
  region size 2048K, 22 young (45056K), 3 survivors (6144K)
 Metaspace       used 37914K, capacity 38626K, committed 38912K, reserved 1083392K
  class space    used 3952K, capacity 4253K, committed 4352K, reserved 1048576K
}
Event: 228.712 GC heap after
{Heap after GC invocations=163 (full 0):
 garbage-first heap   total 110592K, used 48340K [0x0000000700000000, 0x0000000800000000)
  region size 2048K, 1 young (2048K), 1 survivors (2048K)
 Metaspace       used 37914K, capacity 38626K, committed 38912K, reserved 1083392K
  class space    used 3952K, capacity 4253K, committed 4352K, reserved 1048576K
}
Event: 229.263 GC heap before
{Heap before GC invocations=163 (full 0):
 garbage-first heap   total 110592K, used 91348K [0x0000000700000000, 0x0000000800000000)
  region size 2048K, 23 young (47104K), 1 survivors (2048K)
 Metaspace       used 37919K, capacity 38626K, committed 38912K, reserved 1083392K
  class space    used 3952K, capacity 4253K, committed 4352K, reserved 1048576K
}
Event: 229.318 GC heap after
{Heap after GC invocations=164 (full 0):
 garbage-first heap   total 110592K, used 48297K [0x0000000700000000, 0x0000000800000000)
  region size 2048K, 1 young (2048K), 1 survivors (2048K)
 Metaspace       used 37919K, capacity 38626K, committed 38912K, reserved 1083392K
  class space    used 3952K, capacity 4253K, committed 4352K, reserved 1048576K
}

