# JRE version: Java(TM) SE Runtime Environment (15.0.1+9) (build 15.0.1+9-18)
# Java VM: Java HotSpot(TM) 64-Bit Server VM (15.0.1+9-18, mixed mode, sharing, tiered, compressed oops, g1 gc, bsd-amd64)
GC Precious Log:
 CPUs: 8 total, 8 available
 Memory: 16384M
 Large Page Support: Disabled
 NUMA Support: Disabled
 Compressed Oops: Enabled (Zero based)
 Heap Region Size: 2M
 Heap Min Capacity: 8M
 Heap Initial Capacity: 256M
 Heap Max Capacity: 4G
 Pre-touch: Disabled
 Parallel Workers: 8
 Concurrent Workers: 2
 Concurrent Refinement Workers: 8
 Periodic GC: Disabled
Heap:
 garbage-first heap   total 169984K, used 70789K [0x0000000700000000, 0x0000000800000000)
  region size 2048K, 19 young (38912K), 2 survivors (4096K)
 Metaspace       used 36998K, capacity 37707K, committed 38140K, reserved 1083392K
  class space    used 3941K, capacity 4214K, committed 4348K, reserved 1048576K
GC Heap History (20 events):
Event: 642.638 GC heap before
{Heap before GC invocations=245 (full 0):
 garbage-first heap   total 169984K, used 134413K [0x0000000700000000, 0x0000000800000000)
  region size 2048K, 49 young (100352K), 1 survivors (2048K)
 Metaspace       used 36608K, capacity 37365K, committed 37628K, reserved 1083392K
  class space    used 3926K, capacity 4211K, committed 4348K, reserved 1048576K
}
Event: 642.639 GC heap after
{Heap after GC invocations=246 (full 0):
 garbage-first heap   total 169984K, used 36109K [0x0000000700000000, 0x0000000800000000)
  region size 2048K, 1 young (2048K), 1 survivors (2048K)
 Metaspace       used 36608K, capacity 37365K, committed 37628K, reserved 1083392K
  class space    used 3926K, capacity 4211K, committed 4348K, reserved 1048576K
}
Event: 647.873 GC heap before
{Heap before GC invocations=246 (full 0):
 garbage-first heap   total 169984K, used 134413K [0x0000000700000000, 0x0000000800000000)
  region size 2048K, 49 young (100352K), 1 survivors (2048K)
 Metaspace       used 36610K, capacity 37365K, committed 37628K, reserved 1083392K
  class space    used 3926K, capacity 4211K, committed 4348K, reserved 1048576K
}
Event: 647.874 GC heap after
{Heap after GC invocations=247 (full 0):
 garbage-first heap   total 169984K, used 36109K [0x0000000700000000, 0x0000000800000000)
  region size 2048K, 1 young (2048K), 1 survivors (2048K)
 Metaspace       used 36610K, capacity 37365K, committed 37628K, reserved 1083392K
  class space    used 3926K, capacity 4211K, committed 4348K, reserved 1048576K
}
Event: 653.128 GC heap before
{Heap before GC invocations=247 (full 0):
 garbage-first heap   total 169984K, used 134413K [0x0000000700000000, 0x0000000800000000)
  region size 2048K, 49 young (100352K), 1 survivors (2048K)
 Metaspace       used 36610K, capacity 37365K, committed 37628K, reserved 1083392K
  class space    used 3926K, capacity 4211K, committed 4348K, reserved 1048576K
}
Event: 653.129 GC heap after
{Heap after GC invocations=248 (full 0):
 garbage-first heap   total 169984K, used 36111K [0x0000000700000000, 0x0000000800000000)
  region size 2048K, 1 young (2048K), 1 survivors (2048K)
 Metaspace       used 36610K, capacity 37365K, committed 37628K, reserved 1083392K
  class space    used 3926K, capacity 4211K, committed 4348K, reserved 1048576K
}
Event: 658.373 GC heap before
{Heap before GC invocations=248 (full 0):
 garbage-first heap   total 169984K, used 134415K [0x0000000700000000, 0x0000000800000000)
  region size 2048K, 49 young (100352K), 1 survivors (2048K)
 Metaspace       used 36610K, capacity 37365K, committed 37628K, reserved 1083392K
  class space    used 3926K, capacity 4211K, committed 4348K, reserved 1048576K
}
Event: 658.373 GC heap after
{Heap after GC invocations=249 (full 0):
 garbage-first heap   total 169984K, used 36111K [0x0000000700000000, 0x0000000800000000)
  region size 2048K, 1 young (2048K), 1 survivors (2048K)
 Metaspace       used 36610K, capacity 37365K, committed 37628K, reserved 1083392K
  class space    used 3926K, capacity 4211K, committed 4348K, reserved 1048576K
}
Event: 663.627 GC heap before
{Heap before GC invocations=249 (full 0):
 garbage-first heap   total 169984K, used 134415K [0x0000000700000000, 0x0000000800000000)
  region size 2048K, 49 young (100352K), 1 survivors (2048K)
 Metaspace       used 36610K, capacity 37365K, committed 37628K, reserved 1083392K
  class space    used 3926K, capacity 4211K, committed 4348K, reserved 1048576K
}
Event: 663.628 GC heap after
{Heap after GC invocations=250 (full 0):
 garbage-first heap   total 169984K, used 36115K [0x0000000700000000, 0x0000000800000000)
  region size 2048K, 1 young (2048K), 1 survivors (2048K)
 Metaspace       used 36610K, capacity 37365K, committed 37628K, reserved 1083392K
  class space    used 3926K, capacity 4211K, committed 4348K, reserved 1048576K
}
Event: 668.867 GC heap before
{Heap before GC invocations=250 (full 0):
 garbage-first heap   total 169984K, used 134419K [0x0000000700000000, 0x0000000800000000)
  region size 2048K, 49 young (100352K), 1 survivors (2048K)
 Metaspace       used 36610K, capacity 37365K, committed 37628K, reserved 1083392K
  class space    used 3926K, capacity 4211K, committed 4348K, reserved 1048576K
}
Event: 668.868 GC heap after
{Heap after GC invocations=251 (full 0):
 garbage-first heap   total 169984K, used 36115K [0x0000000700000000, 0x0000000800000000)
  region size 2048K, 1 young (2048K), 1 survivors (2048K)
 Metaspace       used 36610K, capacity 37365K, committed 37628K, reserved 1083392K
  class space    used 3926K, capacity 4211K, committed 4348K, reserved 1048576K
}
Event: 674.052 GC heap before
{Heap before GC invocations=251 (full 0):
 garbage-first heap   total 169984K, used 132371K [0x0000000700000000, 0x0000000800000000)
  region size 2048K, 49 young (100352K), 1 survivors (2048K)
 Metaspace       used 36856K, capacity 37631K, committed 37884K, reserved 1083392K
  class space    used 3927K, capacity 4212K, committed 4348K, reserved 1048576K
}
Event: 674.054 GC heap after
{Heap after GC invocations=252 (full 0):
 garbage-first heap   total 169984K, used 41300K [0x0000000700000000, 0x0000000800000000)
  region size 2048K, 3 young (6144K), 3 survivors (6144K)
 Metaspace       used 36856K, capacity 37631K, committed 37884K, reserved 1083392K
  class space    used 3927K, capacity 4212K, committed 4348K, reserved 1048576K
}
Event: 674.396 GC heap before
{Heap before GC invocations=252 (full 0):
 garbage-first heap   total 169984K, used 135508K [0x0000000700000000, 0x0000000800000000)
  region size 2048K, 49 young (100352K), 3 survivors (6144K)
 Metaspace       used 36978K, capacity 37701K, committed 38140K, reserved 1083392K
  class space    used 3940K, capacity 4213K, committed 4348K, reserved 1048576K
}
Event: 674.401 GC heap after
{Heap after GC invocations=253 (full 0):
 garbage-first heap   total 169984K, used 41131K [0x0000000700000000, 0x0000000800000000)
  region size 2048K, 3 young (6144K), 3 survivors (6144K)
 Metaspace       used 36978K, capacity 37701K, committed 38140K, reserved 1083392K
  class space    used 3940K, capacity 4213K, committed 4348K, reserved 1048576K
}
Event: 675.385 GC heap before
{Heap before GC invocations=253 (full 0):
 garbage-first heap   total 169984K, used 135339K [0x0000000700000000, 0x0000000800000000)
  region size 2048K, 49 young (100352K), 3 survivors (6144K)
 Metaspace       used 36979K, capacity 37701K, committed 38140K, reserved 1083392K
  class space    used 3940K, capacity 4213K, committed 4348K, reserved 1048576K
}
Event: 675.387 GC heap after
{Heap after GC invocations=254 (full 0):
 garbage-first heap   total 169984K, used 36613K [0x0000000700000000, 0x0000000800000000)
  region size 2048K, 1 young (2048K), 1 survivors (2048K)
 Metaspace       used 36979K, capacity 37701K, committed 38140K, reserved 1083392K
  class space    used 3940K, capacity 4213K, committed 4348K, reserved 1048576K
}
Event: 676.286 GC heap before
{Heap before GC invocations=254 (full 0):
 garbage-first heap   total 169984K, used 132869K [0x0000000700000000, 0x0000000800000000)
  region size 2048K, 49 young (100352K), 1 survivors (2048K)
 Metaspace       used 36984K, capacity 37701K, committed 38140K, reserved 1083392K
  class space    used 3940K, capacity 4213K, committed 4348K, reserved 1048576K
}
Event: 676.288 GC heap after
{Heap after GC invocations=255 (full 0):
 garbage-first heap   total 169984K, used 40069K [0x0000000700000000, 0x0000000800000000)
  region size 2048K, 2 young (4096K), 2 survivors (4096K)
 Metaspace       used 36984K, capacity 37701K, committed 38140K, reserved 1083392K
  class space    used 3940K, capacity 4213K, committed 4348K, reserved 1048576K
}

