# JRE version: Java(TM) SE Runtime Environment (15.0.2+7) (build 15.0.2+7-27)
# Java VM: Java HotSpot(TM) 64-Bit Server VM (15.0.2+7-27, mixed mode, sharing, tiered, compressed oops, g1 gc, bsd-amd64)
GC Precious Log:
 CPUs: 12 total, 12 available
 Memory: 16384M
 Large Page Support: Disabled
 NUMA Support: Disabled
 Compressed Oops: Enabled (Zero based)
 Heap Region Size: 2M
 Heap Min Capacity: 8M
 Heap Initial Capacity: 256M
 Heap Max Capacity: 4G
 Pre-touch: Disabled
 Parallel Workers: 10
 Concurrent Workers: 3
 Concurrent Refinement Workers: 10
 Periodic GC: Disabled
Heap:
 garbage-first heap   total 71680K, used 32338K [0x0000000700000000, 0x0000000800000000)
  region size 2048K, 2 young (4096K), 1 survivors (2048K)
 Metaspace       used 33185K, capacity 33756K, committed 33920K, reserved 1079296K
  class space    used 3694K, capacity 3888K, committed 3968K, reserved 1048576K
GC Heap History (20 events):
Event: 26.932 GC heap before
{Heap before GC invocations=19 (full 0):
 garbage-first heap   total 71680K, used 56774K [0x0000000700000000, 0x0000000800000000)
  region size 2048K, 13 young (26624K), 1 survivors (2048K)
 Metaspace       used 33124K, capacity 33692K, committed 33920K, reserved 1079296K
  class space    used 3694K, capacity 3888K, committed 3968K, reserved 1048576K
}
Event: 26.933 GC heap after
{Heap after GC invocations=20 (full 0):
 garbage-first heap   total 71680K, used 32200K [0x0000000700000000, 0x0000000800000000)
  region size 2048K, 1 young (2048K), 1 survivors (2048K)
 Metaspace       used 33124K, capacity 33692K, committed 33920K, reserved 1079296K
  class space    used 3694K, capacity 3888K, committed 3968K, reserved 1048576K
}
Event: 28.133 GC heap before
{Heap before GC invocations=20 (full 0):
 garbage-first heap   total 71680K, used 56776K [0x0000000700000000, 0x0000000800000000)
  region size 2048K, 13 young (26624K), 1 survivors (2048K)
 Metaspace       used 33129K, capacity 33692K, committed 33920K, reserved 1079296K
  class space    used 3694K, capacity 3888K, committed 3968K, reserved 1048576K
}
Event: 28.135 GC heap after
{Heap after GC invocations=21 (full 0):
 garbage-first heap   total 71680K, used 32205K [0x0000000700000000, 0x0000000800000000)
  region size 2048K, 1 young (2048K), 1 survivors (2048K)
 Metaspace       used 33129K, capacity 33692K, committed 33920K, reserved 1079296K
  class space    used 3694K, capacity 3888K, committed 3968K, reserved 1048576K
}
Event: 29.373 GC heap before
{Heap before GC invocations=22 (full 0):
 garbage-first heap   total 71680K, used 56781K [0x0000000700000000, 0x0000000800000000)
  region size 2048K, 13 young (26624K), 1 survivors (2048K)
 Metaspace       used 33133K, capacity 33692K, committed 33920K, reserved 1079296K
  class space    used 3694K, capacity 3888K, committed 3968K, reserved 1048576K
}
Event: 29.374 GC heap after
{Heap after GC invocations=23 (full 0):
 garbage-first heap   total 71680K, used 32197K [0x0000000700000000, 0x0000000800000000)
  region size 2048K, 1 young (2048K), 1 survivors (2048K)
 Metaspace       used 33133K, capacity 33692K, committed 33920K, reserved 1079296K
  class space    used 3694K, capacity 3888K, committed 3968K, reserved 1048576K
}
Event: 30.637 GC heap before
{Heap before GC invocations=23 (full 0):
 garbage-first heap   total 71680K, used 56773K [0x0000000700000000, 0x0000000800000000)
  region size 2048K, 13 young (26624K), 1 survivors (2048K)
 Metaspace       used 33137K, capacity 33692K, committed 33920K, reserved 1079296K
  class space    used 3694K, capacity 3888K, committed 3968K, reserved 1048576K
}
Event: 30.638 GC heap after
{Heap after GC invocations=24 (full 0):
 garbage-first heap   total 71680K, used 32206K [0x0000000700000000, 0x0000000800000000)
  region size 2048K, 1 young (2048K), 1 survivors (2048K)
 Metaspace       used 33137K, capacity 33692K, committed 33920K, reserved 1079296K
  class space    used 3694K, capacity 3888K, committed 3968K, reserved 1048576K
}
Event: 31.805 GC heap before
{Heap before GC invocations=25 (full 0):
 garbage-first heap   total 71680K, used 56782K [0x0000000700000000, 0x0000000800000000)
  region size 2048K, 13 young (26624K), 1 survivors (2048K)
 Metaspace       used 33137K, capacity 33692K, committed 33920K, reserved 1079296K
  class space    used 3694K, capacity 3888K, committed 3968K, reserved 1048576K
}
Event: 31.806 GC heap after
{Heap after GC invocations=26 (full 0):
 garbage-first heap   total 71680K, used 32214K [0x0000000700000000, 0x0000000800000000)
  region size 2048K, 1 young (2048K), 1 survivors (2048K)
 Metaspace       used 33137K, capacity 33692K, committed 33920K, reserved 1079296K
  class space    used 3694K, capacity 3888K, committed 3968K, reserved 1048576K
}
Event: 33.007 GC heap before
{Heap before GC invocations=26 (full 0):
 garbage-first heap   total 71680K, used 56790K [0x0000000700000000, 0x0000000800000000)
  region size 2048K, 13 young (26624K), 1 survivors (2048K)
 Metaspace       used 33169K, capacity 33756K, committed 33920K, reserved 1079296K
  class space    used 3694K, capacity 3888K, committed 3968K, reserved 1048576K
}
Event: 33.008 GC heap after
{Heap after GC invocations=27 (full 0):
 garbage-first heap   total 71680K, used 32191K [0x0000000700000000, 0x0000000800000000)
  region size 2048K, 1 young (2048K), 1 survivors (2048K)
 Metaspace       used 33169K, capacity 33756K, committed 33920K, reserved 1079296K
  class space    used 3694K, capacity 3888K, committed 3968K, reserved 1048576K
}
Event: 34.678 GC heap before
{Heap before GC invocations=28 (full 0):
 garbage-first heap   total 71680K, used 56767K [0x0000000700000000, 0x0000000800000000)
  region size 2048K, 13 young (26624K), 1 survivors (2048K)
 Metaspace       used 33179K, capacity 33756K, committed 33920K, reserved 1079296K
  class space    used 3694K, capacity 3888K, committed 3968K, reserved 1048576K
}
Event: 34.679 GC heap after
{Heap after GC invocations=29 (full 0):
 garbage-first heap   total 71680K, used 32231K [0x0000000700000000, 0x0000000800000000)
  region size 2048K, 1 young (2048K), 1 survivors (2048K)
 Metaspace       used 33179K, capacity 33756K, committed 33920K, reserved 1079296K
  class space    used 3694K, capacity 3888K, committed 3968K, reserved 1048576K
}
Event: 36.379 GC heap before
{Heap before GC invocations=29 (full 0):
 garbage-first heap   total 71680K, used 56807K [0x0000000700000000, 0x0000000800000000)
  region size 2048K, 13 young (26624K), 1 survivors (2048K)
 Metaspace       used 33181K, capacity 33756K, committed 33920K, reserved 1079296K
  class space    used 3694K, capacity 3888K, committed 3968K, reserved 1048576K
}
Event: 36.381 GC heap after
{Heap after GC invocations=30 (full 0):
 garbage-first heap   total 71680K, used 32332K [0x0000000700000000, 0x0000000800000000)
  region size 2048K, 1 young (2048K), 1 survivors (2048K)
 Metaspace       used 33181K, capacity 33756K, committed 33920K, reserved 1079296K
  class space    used 3694K, capacity 3888K, committed 3968K, reserved 1048576K
}
Event: 38.146 GC heap before
{Heap before GC invocations=31 (full 0):
 garbage-first heap   total 71680K, used 56908K [0x0000000700000000, 0x0000000800000000)
  region size 2048K, 14 young (28672K), 1 survivors (2048K)
 Metaspace       used 33183K, capacity 33756K, committed 33920K, reserved 1079296K
  class space    used 3694K, capacity 3888K, committed 3968K, reserved 1048576K
}
Event: 38.147 GC heap after
{Heap after GC invocations=32 (full 0):
 garbage-first heap   total 71680K, used 32338K [0x0000000700000000, 0x0000000800000000)
  region size 2048K, 1 young (2048K), 1 survivors (2048K)
 Metaspace       used 33183K, capacity 33756K, committed 33920K, reserved 1079296K
  class space    used 3694K, capacity 3888K, committed 3968K, reserved 1048576K
}
Event: 39.859 GC heap before
{Heap before GC invocations=32 (full 0):
 garbage-first heap   total 71680K, used 56914K [0x0000000700000000, 0x0000000800000000)
  region size 2048K, 13 young (26624K), 1 survivors (2048K)
 Metaspace       used 33183K, capacity 33756K, committed 33920K, reserved 1079296K
  class space    used 3694K, capacity 3888K, committed 3968K, reserved 1048576K
}
Event: 39.861 GC heap after
{Heap after GC invocations=33 (full 0):
 garbage-first heap   total 71680K, used 32338K [0x0000000700000000, 0x0000000800000000)
  region size 2048K, 1 young (2048K), 1 survivors (2048K)
 Metaspace       used 33183K, capacity 33756K, committed 33920K, reserved 1079296K
  class space    used 3694K, capacity 3888K, committed 3968K, reserved 1048576K
}

